<?xml version="1.0" encoding="UTF-8"?>
<!-- Generated by org.testng.reporters.JUnitXMLReporter -->
<testsuite hostname="DEVENDRAGUPTA" name="Default test" tests="10" failures="0" timestamp="24 Feb 2020 21:40:31 GMT" time="37.463" errors="0">
  <testcase name="Icon" time="7.843" classname="Project.ProjectGoibibo.Flight_Vertical"/>
  <testcase name="Source" time="0.405" classname="Project.ProjectGoibibo.Flight_Vertical"/>
  <testcase name="Destination" time="0.356" classname="Project.ProjectGoibibo.Flight_Vertical"/>
  <testcase name="journy_date" time="0.243" classname="Project.ProjectGoibibo.Flight_Vertical"/>
  <testcase name="search_button" time="1.356" classname="Project.ProjectGoibibo.Flight_Vertical"/>
  <testcase name="airlines_selection" time="0.858" classname="Project.ProjectGoibibo.Flight_Vertical"/>
  <testcase name="book_flight" time="1.42" classname="Project.ProjectGoibibo.Flight_Vertical"/>
  <testcase name="insurance_selection" time="1.661" classname="Project.ProjectGoibibo.Flight_Vertical"/>
  <testcase name="traveller_details" time="0.507" classname="Project.ProjectGoibibo.Flight_Vertical"/>
  <testcase name="Proceed_to_payment" time="7.773" classname="Project.ProjectGoibibo.Flight_Vertical"/>
</testsuite> <!-- Default test -->
